2019-10-20 19:31:54,155 [INFO] from play.api.http.EnabledFilters in play-dev-mode-akka.actor.default-dispatcher-12 - Enabled Filters (see <https://www.playframework.com/documentation/latest/Filters>):

    play.filters.csrf.CSRFFilter
    play.filters.headers.SecurityHeadersFilter
    play.filters.csrf.CSRFFilter
    play.filters.cors.CORSFilter
    play.filters.headers.SecurityHeadersFilter

2019-10-20 19:31:54,271 [INFO] from play.api.Play in play-dev-mode-akka.actor.default-dispatcher-12 - Application started (Dev)
2019-10-20 19:33:53,264 [INFO] from play.api.http.EnabledFilters in play-dev-mode-akka.actor.default-dispatcher-18 - Enabled Filters (see <https://www.playframework.com/documentation/latest/Filters>):

    play.filters.csrf.CSRFFilter
    play.filters.headers.SecurityHeadersFilter
    play.filters.csrf.CSRFFilter
    play.filters.cors.CORSFilter
    play.filters.headers.SecurityHeadersFilter

2019-10-20 19:33:53,321 [INFO] from play.api.Play in play-dev-mode-akka.actor.default-dispatcher-18 - Application started (Dev)
2019-10-20 19:34:55,809 [INFO] from play.api.http.EnabledFilters in play-dev-mode-akka.actor.default-dispatcher-22 - Enabled Filters (see <https://www.playframework.com/documentation/latest/Filters>):

    play.filters.csrf.CSRFFilter
    play.filters.headers.SecurityHeadersFilter
    play.filters.csrf.CSRFFilter
    play.filters.cors.CORSFilter
    play.filters.headers.SecurityHeadersFilter

2019-10-20 19:34:55,857 [INFO] from play.api.Play in play-dev-mode-akka.actor.default-dispatcher-22 - Application started (Dev)
2019-10-20 19:35:38,841 [INFO] from play.api.http.EnabledFilters in play-dev-mode-akka.actor.default-dispatcher-27 - Enabled Filters (see <https://www.playframework.com/documentation/latest/Filters>):

    play.filters.csrf.CSRFFilter
    play.filters.headers.SecurityHeadersFilter
    play.filters.csrf.CSRFFilter
    play.filters.cors.CORSFilter
    play.filters.headers.SecurityHeadersFilter

2019-10-20 19:35:38,864 [INFO] from play.api.Play in play-dev-mode-akka.actor.default-dispatcher-27 - Application started (Dev)
2019-10-20 19:55:20,921 [INFO] from play.api.http.EnabledFilters in play-dev-mode-akka.actor.default-dispatcher-46 - Enabled Filters (see <https://www.playframework.com/documentation/latest/Filters>):

    play.filters.csrf.CSRFFilter
    play.filters.headers.SecurityHeadersFilter
    play.filters.csrf.CSRFFilter
    play.filters.cors.CORSFilter
    play.filters.headers.SecurityHeadersFilter

2019-10-20 19:55:20,961 [INFO] from play.api.Play in play-dev-mode-akka.actor.default-dispatcher-46 - Application started (Dev)
2019-10-20 19:56:44,198 [INFO] from play.api.http.EnabledFilters in play-dev-mode-akka.actor.default-dispatcher-50 - Enabled Filters (see <https://www.playframework.com/documentation/latest/Filters>):

    play.filters.csrf.CSRFFilter
    play.filters.headers.SecurityHeadersFilter
    play.filters.csrf.CSRFFilter
    play.filters.cors.CORSFilter
    play.filters.headers.SecurityHeadersFilter

2019-10-20 19:56:44,219 [INFO] from play.api.Play in play-dev-mode-akka.actor.default-dispatcher-50 - Application started (Dev)
